[Exception][Txtr.Platform.Data.WebService.Web] 4/1/2012 10:32:24 AM: Exception in BooksRepository.FindAll - Exception [System.Data.MappingException] \n Message[The type 'Edm.Int16' of the member 'NumCode' in the conceptual side type 'Txtr.Platform.Data.DomainModel.Model.Country' does not match with the type 'System.Int32' of the member 'NumCode' on the object side type 'Txtr.Platform.Data.DomainModel.Model.Country'.] \n Source[System.Data.Entity] \n StackTrace[   at System.Data.Mapping.DefaultObjectMappingItemCollection.ValidateMembersMatch(EdmMember edmMember, EdmMember objectMember)
   at System.Data.Mapping.DefaultObjectMappingItemCollection.LoadEntityTypeOrComplexTypeMapping(ObjectTypeMapping objectMapping, EdmType edmType, EdmType objectType, DefaultObjectMappingItemCollection ocItemCollection, Dictionary`2 typeMappings)
   at System.Data.Mapping.DefaultObjectMappingItemCollection.LoadObjectMapping(EdmType edmType, EdmType objectType, DefaultObjectMappingItemCollection ocItemCollection, Dictionary`2 typeMappings)
   at System.Data.Mapping.DefaultObjectMappingItemCollection.LoadTypeMapping(EdmType edmType, EdmType objectType, DefaultObjectMappingItemCollection ocItemCollection, Dictionary`2 typeMappings)
   at System.Data.Mapping.DefaultObjectMappingItemCollection.LoadAssociationTypeMapping(ObjectTypeMapping objectMapping, EdmType edmType, EdmType objectType, DefaultObjectMappingItemCollection ocItemCollection, Dictionary`2 typeMappings)
   at System.Data.Mapping.DefaultObjectMappingItemCollection.LoadObjectMapping(EdmType edmType, EdmType objectType, DefaultObjectMappingItemCollection ocItemCollection, Dictionary`2 typeMappings)
   at System.Data.Mapping.DefaultObjectMappingItemCollection.LoadTypeMapping(EdmType edmType, EdmType objectType, DefaultObjectMappingItemCollection ocItemCollection, Dictionary`2 typeMappings)
   at System.Data.Mapping.DefaultObjectMappingItemCollection.LoadEntityTypeOrComplexTypeMapping(ObjectTypeMapping objectMapping, EdmType edmType, EdmType objectType, DefaultObjectMappingItemCollection ocItemCollection, Dictionary`2 typeMappings)
   at System.Data.Mapping.DefaultObjectMappingItemCollection.LoadObjectMapping(EdmType edmType, EdmType objectType, DefaultObjectMappingItemCollection ocItemCollection, Dictionary`2 typeMappings)
   at System.Data.Mapping.DefaultObjectMappingItemCollection.LoadTypeMapping(EdmType edmType, EdmType objectType, DefaultObjectMappingItemCollection ocItemCollection, Dictionary`2 typeMappings)
   at System.Data.Mapping.DefaultObjectMappingItemCollection.LoadAssociationTypeMapping(ObjectTypeMapping objectMapping, EdmType edmType, EdmType objectType, DefaultObjectMappingItemCollection ocItemCollection, Dictionary`2 typeMappings)
   at System.Data.Mapping.DefaultObjectMappingItemCollection.LoadObjectMapping(EdmType edmType, EdmType objectType, DefaultObjectMappingItemCollection ocItemCollection, Dictionary`2 typeMappings)
   at System.Data.Mapping.DefaultObjectMappingItemCollection.LoadTypeMapping(EdmType edmType, EdmType objectType, DefaultObjectMappingItemCollection ocItemCollection, Dictionary`2 typeMappings)
   at System.Data.Mapping.DefaultObjectMappingItemCollection.LoadEntityTypeOrComplexTypeMapping(ObjectTypeMapping objectMapping, EdmType edmType, EdmType objectType, DefaultObjectMappingItemCollection ocItemCollection, Dictionary`2 typeMappings)
   at System.Data.Mapping.DefaultObjectMappingItemCollection.LoadObjectMapping(EdmType edmType, EdmType objectType, DefaultObjectMappingItemCollection ocItemCollection, Dictionary`2 typeMappings)
   at System.Data.Mapping.DefaultObjectMappingItemCollection.LoadObjectMapping(EdmType cdmType, EdmType objectType, DefaultObjectMappingItemCollection ocItemCollection)
   at System.Data.Mapping.DefaultObjectMappingItemCollection.TryGetMap(String identity, DataSpace typeSpace, Boolean ignoreCase, Map& map)
   at System.Data.Metadata.Edm.ClrPerspective.TryGetTypeByName(String fullName, Boolean ignoreCase, TypeUsage& typeUsage)
   at System.Data.Objects.ObjectContext.GetTypeUsage(Type entityCLRType)
   at System.Data.Objects.ObjectContext.GetEntitySetForNameAndType(String entitySetName, Type entityCLRType, String exceptionParameterName)
   at System.Data.Objects.ObjectContext.CreateObjectSet[TEntity](String entitySetName)
   at Txtr.Platform.Data.Provider.PocoContext.get_Books() in c:\Development\Txtr\Txtr.Platform.Data.Provider\PocoContext.cs:line 32
   at Txtr.Platform.Data.Provider.Repository.BooksRepository.FindAll() in c:\Development\Txtr\Txtr.Platform.Data.Provider\Repository\BooksRepository.cs:line 29]
